WanpuPayDemo/app/build/outputs/logs/manifest-merger-release-report.txt
-- Merging decision tree log ---
manifest
ADDED from src\main\AndroidManifest.xml:2:1-86:12
	package
		ADDED from src\main\AndroidManifest.xml:5:5-38
		INJECTED from src\main\AndroidManifest.xml
		INJECTED from src\main\AndroidManifest.xml
	android:versionName
		ADDED from src\main\AndroidManifest.xml:7:5-32
		INJECTED from src\main\AndroidManifest.xml
		INJECTED from src\main\AndroidManifest.xml
	xmlns:tools
		ADDED from src\main\AndroidManifest.xml:3:5-51
	android:versionCode
		ADDED from src\main\AndroidManifest.xml:6:5-28
		INJECTED from src\main\AndroidManifest.xml
		INJECTED from src\main\AndroidManifest.xml
	xmlns:android
		ADDED from src\main\AndroidManifest.xml:2:11-69
uses-sdk
ADDED from src\main\AndroidManifest.xml:9:5-43
MERGED from [com.android.support:multidex:1.0.1] AndroidManifest.xml:18:5-42
	android:targetSdkVersion
		INJECTED from src\main\AndroidManifest.xml
		INJECTED from src\main\AndroidManifest.xml
	android:minSdkVersion
		ADDED from src\main\AndroidManifest.xml:9:15-40
		INJECTED from src\main\AndroidManifest.xml
		INJECTED from src\main\AndroidManifest.xml
uses-permission#android.permission.INTERNET
ADDED from src\main\AndroidManifest.xml:10:5-67
	android:name
		ADDED from src\main\AndroidManifest.xml:10:22-64
uses-permission#android.permission.ACCESS_NETWORK_STATE
ADDED from src\main\AndroidManifest.xml:11:5-79
	android:name
		ADDED from src\main\AndroidManifest.xml:11:22-76
uses-permission#android.permission.CHANGE_NETWORK_STATE
ADDED from src\main\AndroidManifest.xml:12:5-79
	android:name
		ADDED from src\main\AndroidManifest.xml:12:22-76
uses-permission#android.permission.ACCESS_WIFI_STATE
ADDED from src\main\AndroidManifest.xml:13:5-76
	android:name
		ADDED from src\main\AndroidManifest.xml:13:22-73
uses-permission#android.permission.READ_PHONE_STATE
ADDED from src\main\AndroidManifest.xml:14:5-75
	android:name
		ADDED from src\main\AndroidManifest.xml:14:22-72
uses-permission#android.permission.WRITE_EXTERNAL_STORAGE
ADDED from src\main\AndroidManifest.xml:15:5-81
	android:name
		ADDED from src\main\AndroidManifest.xml:15:22-78
uses-permission#android.permission.ACCESS_COARSE_LOCATION
ADDED from src\main\AndroidManifest.xml:16:5-81
	android:name
		ADDED from src\main\AndroidManifest.xml:16:22-78
uses-permission#android.permission.ACCESS_FINE_LOCATION
ADDED from src\main\AndroidManifest.xml:17:5-79
	android:name
		ADDED from src\main\AndroidManifest.xml:17:22-76
uses-permission#android.permission.GET_TASKS
ADDED from src\main\AndroidManifest.xml:18:5-68
	android:name
		ADDED from src\main\AndroidManifest.xml:18:22-65
uses-permission#android.permission.SYSTEM_ALERT_WINDOW
ADDED from src\main\AndroidManifest.xml:19:5-78
	android:name
		ADDED from src\main\AndroidManifest.xml:19:22-75
application
ADDED from src\main\AndroidManifest.xml:20:5-82:19
	android:label
		ADDED from src\main\AndroidManifest.xml:22:9-41
	android:icon
		ADDED from src\main\AndroidManifest.xml:21:9-38
activity#com.ssdut.lst.namemaker.MainActivity
ADDED from src\main\AndroidManifest.xml:23:9-33:20
	android:label
		ADDED from src\main\AndroidManifest.xml:25:13-45
	android:windowSoftInputMode
		ADDED from src\main\AndroidManifest.xml:27:13-72
	android:configChanges
		ADDED from src\main\AndroidManifest.xml:24:13-63
	android:name
		ADDED from src\main\AndroidManifest.xml:26:13-41
intent-filter#android.intent.action.MAIN+android.intent.category.LAUNCHER
ADDED from src\main\AndroidManifest.xml:28:13-32:29
action#android.intent.action.MAIN
ADDED from src\main\AndroidManifest.xml:29:17-69
	android:name
		ADDED from src\main\AndroidManifest.xml:29:25-66
category#android.intent.category.LAUNCHER
ADDED from src\main\AndroidManifest.xml:31:17-77
	android:name
		ADDED from src\main\AndroidManifest.xml:31:27-74
activity#com.wanpu.pay.PayView
ADDED from src\main\AndroidManifest.xml:34:9-36:52
	android:configChanges
		ADDED from src\main\AndroidManifest.xml:35:13-63
	android:name
		ADDED from src\main\AndroidManifest.xml:36:13-49
activity#com.payeco.android.plugin.PayecoPluginLoadingActivity
ADDED from src\main\AndroidManifest.xml:39:9-44:67
	android:screenOrientation
		ADDED from src\main\AndroidManifest.xml:42:13-49
	android:exported
		ADDED from src\main\AndroidManifest.xml:40:13-36
	android:windowSoftInputMode
		ADDED from src\main\AndroidManifest.xml:44:13-64
	android:theme
		ADDED from src\main\AndroidManifest.xml:43:13-61
	android:name
		ADDED from src\main\AndroidManifest.xml:41:13-81
activity#com.payeco.android.plugin.PayecoOrderDetailActivity
ADDED from src\main\AndroidManifest.xml:45:9-48:67
	android:screenOrientation
		ADDED from src\main\AndroidManifest.xml:47:13-49
	android:windowSoftInputMode
		ADDED from src\main\AndroidManifest.xml:48:13-64
	android:name
		ADDED from src\main\AndroidManifest.xml:46:13-79
activity#com.payeco.android.plugin.PayecoPayResultActivity
ADDED from src\main\AndroidManifest.xml:49:9-52:67
	android:screenOrientation
		ADDED from src\main\AndroidManifest.xml:51:13-49
	android:windowSoftInputMode
		ADDED from src\main\AndroidManifest.xml:52:13-64
	android:name
		ADDED from src\main\AndroidManifest.xml:50:13-77
activity#com.payeco.android.plugin.PayecoWebViewActivity
ADDED from src\main\AndroidManifest.xml:53:9-56:67
	android:screenOrientation
		ADDED from src\main\AndroidManifest.xml:55:13-49
	android:windowSoftInputMode
		ADDED from src\main\AndroidManifest.xml:56:13-64
	android:name
		ADDED from src\main\AndroidManifest.xml:54:13-75
activity#com.payeco.android.plugin.PayecoRiskControlActivity
ADDED from src\main\AndroidManifest.xml:57:9-61:67
	android:screenOrientation
		ADDED from src\main\AndroidManifest.xml:60:13-49
	android:windowSoftInputMode
		ADDED from src\main\AndroidManifest.xml:61:13-64
	android:configChanges
		ADDED from src\main\AndroidManifest.xml:58:13-63
	android:name
		ADDED from src\main\AndroidManifest.xml:59:13-79
activity#com.alipay.sdk.app.H5PayActivity
ADDED from src\main\AndroidManifest.xml:62:9-67:20
	android:screenOrientation
		ADDED from src\main\AndroidManifest.xml:66:13-47
	android:exported
		ADDED from src\main\AndroidManifest.xml:64:13-37
	android:configChanges
		ADDED from src\main\AndroidManifest.xml:63:13-74
	android:name
		ADDED from src\main\AndroidManifest.xml:65:13-60
activity#com.unionpay.uppay.PayActivity
ADDED from src\main\AndroidManifest.xml:68:9-73:50
	android:screenOrientation
		ADDED from src\main\AndroidManifest.xml:72:13-49
	android:label
		ADDED from src\main\AndroidManifest.xml:70:13-45
	android:configChanges
		ADDED from src\main\AndroidManifest.xml:69:13-63
	android:theme
		ADDED from src\main\AndroidManifest.xml:73:13-47
	android:name
		ADDED from src\main\AndroidManifest.xml:71:13-58
activity#com.wanpu.pay.WXActivity
ADDED from src\main\AndroidManifest.xml:76:9-80:55
	android:launchMode
		ADDED from src\main\AndroidManifest.xml:79:13-43
	android:exported
		ADDED from src\main\AndroidManifest.xml:78:13-36
	android:configChanges
		ADDED from src\main\AndroidManifest.xml:77:13-63
	android:name
		ADDED from src\main\AndroidManifest.xml:80:13-52